
*** Running vivado
    with args -log main.vds -m64 -product Vivado -mode batch -messageDb vivado.pb -notrace -source main.tcl


****** Vivado v2022.2 (64-bit)
  **** SW Build 3671981 on Fri Oct 14 04:59:54 MDT 2022
  **** IP Build 3669848 on Fri Oct 14 08:30:02 MDT 2022
    ** Copyright 1986-2022 Xilinx, Inc. All Rights Reserved.

source main.tcl -notrace
create_project: Time (s): cpu = 00:00:06 ; elapsed = 00:00:07 . Memory (MB): peak = 1331.102 ; gain = 0.023 ; free physical = 5824 ; free virtual = 12191
Command: read_checkpoint -auto_incremental -incremental /home/kjy/Documents/vivado_projects/pill_loading/pill_loading.srcs/utils_1/imports/synth_1/main.dcp
INFO: [Vivado 12-5825] Read reference checkpoint from /home/kjy/Documents/vivado_projects/pill_loading/pill_loading.srcs/utils_1/imports/synth_1/main.dcp for incremental synthesis
INFO: [Vivado 12-7989] Please ensure there are no constraint changes
Command: synth_design -top main -part xc7a100tfgg484-1
Starting synth_design
Attempting to get a license for feature 'Synthesis' and/or device 'xc7a100t'
INFO: [Common 17-349] Got license for feature 'Synthesis' and/or device 'xc7a100t'
INFO: [Device 21-403] Loading part xc7a100tfgg484-1
INFO: [Designutils 20-5440] No compile time benefit to using incremental synthesis; A full resynthesis will be run
INFO: [Designutils 20-4379] Flow is switching to default flow due to incremental criteria not met. If you would like to alter this behaviour and have the flow terminate instead, please set the following parameter config_implementation {autoIncr.Synth.RejectBehavior Terminate}
INFO: [Synth 8-7079] Multithreading enabled for synth_design using a maximum of 4 processes.
INFO: [Synth 8-7078] Launching helper process for spawning children vivado processes
INFO: [Synth 8-7075] Helper process launched with PID 46315
INFO: [Synth 8-11241] undeclared symbol 'REGCCE', assumed default net type 'wire' [/opt/Xilinx/Vivado/2022.2/data/verilog/src/unimacro/BRAM_SINGLE_MACRO.v:2170]
---------------------------------------------------------------------------------
Starting RTL Elaboration : Time (s): cpu = 00:00:05 ; elapsed = 00:00:05 . Memory (MB): peak = 1967.191 ; gain = 371.770 ; free physical = 5042 ; free virtual = 11409
Synthesis current peak Physical Memory [PSS] (MB): peak = 1379.130; parent = 1174.525; children = 204.604
Synthesis current peak Virtual Memory [VSS] (MB): peak = 2965.594; parent = 1967.195; children = 998.398
---------------------------------------------------------------------------------
INFO: [Synth 8-638] synthesizing module 'main' [/home/kjy/Documents/vivado_projects/pill_loading/components/main.vhd:15]
INFO: [Synth 8-3491] module 'divider' declared at '/home/kjy/Documents/vivado_projects/pill_loading/components/divider.vhd:12' bound to instance 'the_divider' of component 'divider' [/home/kjy/Documents/vivado_projects/pill_loading/components/main.vhd:55]
INFO: [Synth 8-638] synthesizing module 'divider' [/home/kjy/Documents/vivado_projects/pill_loading/components/divider.vhd:21]
INFO: [Synth 8-256] done synthesizing module 'divider' (0#1) [/home/kjy/Documents/vivado_projects/pill_loading/components/divider.vhd:21]
INFO: [Synth 8-3491] module 'counter' declared at '/home/kjy/Documents/vivado_projects/pill_loading/components/counter.vhd:11' bound to instance 'the_counter' of component 'counter' [/home/kjy/Documents/vivado_projects/pill_loading/components/main.vhd:70]
INFO: [Synth 8-638] synthesizing module 'counter' [/home/kjy/Documents/vivado_projects/pill_loading/components/counter.vhd:20]
INFO: [Synth 8-256] done synthesizing module 'counter' (0#1) [/home/kjy/Documents/vivado_projects/pill_loading/components/counter.vhd:20]
INFO: [Synth 8-3491] module 'mos_driver' declared at '/home/kjy/Documents/vivado_projects/pill_loading/components/mos_driver.vhd:5' bound to instance 'the_mos_driver' of component 'mos_driver' [/home/kjy/Documents/vivado_projects/pill_loading/components/main.vhd:77]
INFO: [Synth 8-638] synthesizing module 'mos_driver' [/home/kjy/Documents/vivado_projects/pill_loading/components/mos_driver.vhd:14]
INFO: [Synth 8-256] done synthesizing module 'mos_driver' (0#1) [/home/kjy/Documents/vivado_projects/pill_loading/components/mos_driver.vhd:14]
INFO: [Synth 8-256] done synthesizing module 'main' (0#1) [/home/kjy/Documents/vivado_projects/pill_loading/components/main.vhd:15]
WARNING: [Synth 8-3848] Net SELNUM in module/entity mos_driver does not have driver. [/home/kjy/Documents/vivado_projects/pill_loading/components/mos_driver.vhd:10]
WARNING: [Synth 8-7129] Port SELNUM[7] in module mos_driver is either unconnected or has no load
WARNING: [Synth 8-7129] Port SELNUM[6] in module mos_driver is either unconnected or has no load
WARNING: [Synth 8-7129] Port SELNUM[5] in module mos_driver is either unconnected or has no load
WARNING: [Synth 8-7129] Port SELNUM[4] in module mos_driver is either unconnected or has no load
WARNING: [Synth 8-7129] Port SELNUM[3] in module mos_driver is either unconnected or has no load
WARNING: [Synth 8-7129] Port SELNUM[2] in module mos_driver is either unconnected or has no load
WARNING: [Synth 8-7129] Port SELNUM[1] in module mos_driver is either unconnected or has no load
WARNING: [Synth 8-7129] Port SELNUM[0] in module mos_driver is either unconnected or has no load
WARNING: [Synth 8-7129] Port CLK in module mos_driver is either unconnected or has no load
WARNING: [Synth 8-7129] Port IPT[31] in module mos_driver is either unconnected or has no load
WARNING: [Synth 8-7129] Port IPT[30] in module mos_driver is either unconnected or has no load
WARNING: [Synth 8-7129] Port IPT[29] in module mos_driver is either unconnected or has no load
WARNING: [Synth 8-7129] Port IPT[28] in module mos_driver is either unconnected or has no load
WARNING: [Synth 8-7129] Port IPT[27] in module mos_driver is either unconnected or has no load
WARNING: [Synth 8-7129] Port IPT[26] in module mos_driver is either unconnected or has no load
WARNING: [Synth 8-7129] Port IPT[25] in module mos_driver is either unconnected or has no load
WARNING: [Synth 8-7129] Port IPT[24] in module mos_driver is either unconnected or has no load
WARNING: [Synth 8-7129] Port IPT[23] in module mos_driver is either unconnected or has no load
WARNING: [Synth 8-7129] Port IPT[22] in module mos_driver is either unconnected or has no load
WARNING: [Synth 8-7129] Port IPT[21] in module mos_driver is either unconnected or has no load
WARNING: [Synth 8-7129] Port IPT[20] in module mos_driver is either unconnected or has no load
WARNING: [Synth 8-7129] Port IPT[19] in module mos_driver is either unconnected or has no load
WARNING: [Synth 8-7129] Port IPT[18] in module mos_driver is either unconnected or has no load
WARNING: [Synth 8-7129] Port IPT[17] in module mos_driver is either unconnected or has no load
WARNING: [Synth 8-7129] Port IPT[16] in module mos_driver is either unconnected or has no load
WARNING: [Synth 8-7129] Port IPT[15] in module mos_driver is either unconnected or has no load
WARNING: [Synth 8-7129] Port IPT[14] in module mos_driver is either unconnected or has no load
WARNING: [Synth 8-7129] Port IPT[13] in module mos_driver is either unconnected or has no load
WARNING: [Synth 8-7129] Port IPT[12] in module mos_driver is either unconnected or has no load
WARNING: [Synth 8-7129] Port IPT[11] in module mos_driver is either unconnected or has no load
WARNING: [Synth 8-7129] Port IPT[10] in module mos_driver is either unconnected or has no load
WARNING: [Synth 8-7129] Port IPT[9] in module mos_driver is either unconnected or has no load
WARNING: [Synth 8-7129] Port IPT[8] in module mos_driver is either unconnected or has no load
WARNING: [Synth 8-7129] Port IPT[7] in module mos_driver is either unconnected or has no load
WARNING: [Synth 8-7129] Port IPT[6] in module mos_driver is either unconnected or has no load
WARNING: [Synth 8-7129] Port IPT[5] in module mos_driver is either unconnected or has no load
WARNING: [Synth 8-7129] Port IPT[4] in module mos_driver is either unconnected or has no load
WARNING: [Synth 8-7129] Port IPT[3] in module mos_driver is either unconnected or has no load
WARNING: [Synth 8-7129] Port IPT[2] in module mos_driver is either unconnected or has no load
WARNING: [Synth 8-7129] Port IPT[1] in module mos_driver is either unconnected or has no load
WARNING: [Synth 8-7129] Port IPT[0] in module mos_driver is either unconnected or has no load
---------------------------------------------------------------------------------
Finished RTL Elaboration : Time (s): cpu = 00:00:07 ; elapsed = 00:00:07 . Memory (MB): peak = 2035.160 ; gain = 439.738 ; free physical = 5128 ; free virtual = 11496
Synthesis current peak Physical Memory [PSS] (MB): peak = 1379.130; parent = 1174.525; children = 204.604
Synthesis current peak Virtual Memory [VSS] (MB): peak = 3033.562; parent = 2035.164; children = 998.398
---------------------------------------------------------------------------------
---------------------------------------------------------------------------------
Start Handling Custom Attributes
---------------------------------------------------------------------------------
---------------------------------------------------------------------------------
Finished Handling Custom Attributes : Time (s): cpu = 00:00:07 ; elapsed = 00:00:07 . Memory (MB): peak = 2050.004 ; gain = 454.582 ; free physical = 5127 ; free virtual = 11495
Synthesis current peak Physical Memory [PSS] (MB): peak = 1379.130; parent = 1174.525; children = 204.604
Synthesis current peak Virtual Memory [VSS] (MB): peak = 3048.406; parent = 2050.008; children = 998.398
---------------------------------------------------------------------------------
---------------------------------------------------------------------------------
Finished RTL Optimization Phase 1 : Time (s): cpu = 00:00:07 ; elapsed = 00:00:07 . Memory (MB): peak = 2050.004 ; gain = 454.582 ; free physical = 5127 ; free virtual = 11495
Synthesis current peak Physical Memory [PSS] (MB): peak = 1379.130; parent = 1174.525; children = 204.604
Synthesis current peak Virtual Memory [VSS] (MB): peak = 3048.406; parent = 2050.008; children = 998.398
---------------------------------------------------------------------------------
Netlist sorting complete. Time (s): cpu = 00:00:00 ; elapsed = 00:00:00.01 . Memory (MB): peak = 2050.004 ; gain = 0.000 ; free physical = 5124 ; free virtual = 11492
INFO: [Project 1-570] Preparing netlist for logic optimization

Processing XDC Constraints
Initializing timing engine
Parsing XDC File [/home/kjy/Documents/vivado_projects/pill_loading/pill_loading.srcs/constrs_1/new/pill_loading.xdc]
WARNING: [Vivado 12-584] No ports matched 'COL[3]'. [/home/kjy/Documents/vivado_projects/pill_loading/pill_loading.srcs/constrs_1/new/pill_loading.xdc:19]
CRITICAL WARNING: [Common 17-55] 'set_property' expects at least one object. [/home/kjy/Documents/vivado_projects/pill_loading/pill_loading.srcs/constrs_1/new/pill_loading.xdc:19]
Resolution: If [get_<value>] was used to populate the object, check to make sure this command returns at least one valid object.
WARNING: [Vivado 12-584] No ports matched 'COL[2]'. [/home/kjy/Documents/vivado_projects/pill_loading/pill_loading.srcs/constrs_1/new/pill_loading.xdc:20]
CRITICAL WARNING: [Common 17-55] 'set_property' expects at least one object. [/home/kjy/Documents/vivado_projects/pill_loading/pill_loading.srcs/constrs_1/new/pill_loading.xdc:20]
Resolution: If [get_<value>] was used to populate the object, check to make sure this command returns at least one valid object.
WARNING: [Vivado 12-584] No ports matched 'COL[1]'. [/home/kjy/Documents/vivado_projects/pill_loading/pill_loading.srcs/constrs_1/new/pill_loading.xdc:21]
CRITICAL WARNING: [Common 17-55] 'set_property' expects at least one object. [/home/kjy/Documents/vivado_projects/pill_loading/pill_loading.srcs/constrs_1/new/pill_loading.xdc:21]
Resolution: If [get_<value>] was used to populate the object, check to make sure this command returns at least one valid object.
WARNING: [Vivado 12-584] No ports matched 'COL[0]'. [/home/kjy/Documents/vivado_projects/pill_loading/pill_loading.srcs/constrs_1/new/pill_loading.xdc:22]
CRITICAL WARNING: [Common 17-55] 'set_property' expects at least one object. [/home/kjy/Documents/vivado_projects/pill_loading/pill_loading.srcs/constrs_1/new/pill_loading.xdc:22]
Resolution: If [get_<value>] was used to populate the object, check to make sure this command returns at least one valid object.
WARNING: [Vivado 12-584] No ports matched 'ROW[3]'. [/home/kjy/Documents/vivado_projects/pill_loading/pill_loading.srcs/constrs_1/new/pill_loading.xdc:23]
CRITICAL WARNING: [Common 17-55] 'set_property' expects at least one object. [/home/kjy/Documents/vivado_projects/pill_loading/pill_loading.srcs/constrs_1/new/pill_loading.xdc:23]
Resolution: If [get_<value>] was used to populate the object, check to make sure this command returns at least one valid object.
WARNING: [Vivado 12-584] No ports matched 'ROW[2]'. [/home/kjy/Documents/vivado_projects/pill_loading/pill_loading.srcs/constrs_1/new/pill_loading.xdc:24]
CRITICAL WARNING: [Common 17-55] 'set_property' expects at least one object. [/home/kjy/Documents/vivado_projects/pill_loading/pill_loading.srcs/constrs_1/new/pill_loading.xdc:24]
Resolution: If [get_<value>] was used to populate the object, check to make sure this command returns at least one valid object.
WARNING: [Vivado 12-584] No ports matched 'ROW[1]'. [/home/kjy/Documents/vivado_projects/pill_loading/pill_loading.srcs/constrs_1/new/pill_loading.xdc:25]
CRITICAL WARNING: [Common 17-55] 'set_property' expects at least one object. [/home/kjy/Documents/vivado_projects/pill_loading/pill_loading.srcs/constrs_1/new/pill_loading.xdc:25]
Resolution: If [get_<value>] was used to populate the object, check to make sure this command returns at least one valid object.
WARNING: [Vivado 12-584] No ports matched 'ROW[0]'. [/home/kjy/Documents/vivado_projects/pill_loading/pill_loading.srcs/constrs_1/new/pill_loading.xdc:26]
CRITICAL WARNING: [Common 17-55] 'set_property' expects at least one object. [/home/kjy/Documents/vivado_projects/pill_loading/pill_loading.srcs/constrs_1/new/pill_loading.xdc:26]
Resolution: If [get_<value>] was used to populate the object, check to make sure this command returns at least one valid object.
Finished Parsing XDC File [/home/kjy/Documents/vivado_projects/pill_loading/pill_loading.srcs/constrs_1/new/pill_loading.xdc]
INFO: [Project 1-236] Implementation specific constraints were found while reading constraint file [/home/kjy/Documents/vivado_projects/pill_loading/pill_loading.srcs/constrs_1/new/pill_loading.xdc]. These constraints will be ignored for synthesis but will be used in implementation. Impacted constraints are listed in the file [.Xil/main_propImpl.xdc].
Resolution: To avoid this warning, move constraints listed in [.Xil/main_propImpl.xdc] to another XDC file and exclude this new file from synthesis with the used_in_synthesis property (File Properties dialog in GUI) and re-run elaboration/synthesis.
Completed Processing XDC Constraints

Netlist sorting complete. Time (s): cpu = 00:00:00 ; elapsed = 00:00:00 . Memory (MB): peak = 2184.754 ; gain = 0.000 ; free physical = 5043 ; free virtual = 11411
INFO: [Project 1-111] Unisim Transformation Summary:
No Unisim elements were transformed.

Constraint Validation Runtime : Time (s): cpu = 00:00:00 ; elapsed = 00:00:00 . Memory (MB): peak = 2184.754 ; gain = 0.000 ; free physical = 5043 ; free virtual = 11411
INFO: [Designutils 20-5440] No compile time benefit to using incremental synthesis; A full resynthesis will be run
INFO: [Designutils 20-4379] Flow is switching to default flow due to incremental criteria not met. If you would like to alter this behaviour and have the flow terminate instead, please set the following parameter config_implementation {autoIncr.Synth.RejectBehavior Terminate}
INFO: [Synth 8-11241] undeclared symbol 'REGCCE', assumed default net type 'wire' [/opt/Xilinx/Vivado/2022.2/data/verilog/src/unimacro/BRAM_SINGLE_MACRO.v:2170]
---------------------------------------------------------------------------------
Finished Constraint Validation : Time (s): cpu = 00:00:14 ; elapsed = 00:00:14 . Memory (MB): peak = 2184.754 ; gain = 589.332 ; free physical = 5100 ; free virtual = 11468
Synthesis current peak Physical Memory [PSS] (MB): peak = 1381.849; parent = 1177.265; children = 204.604
Synthesis current peak Virtual Memory [VSS] (MB): peak = 3151.141; parent = 2152.742; children = 998.398
---------------------------------------------------------------------------------
---------------------------------------------------------------------------------
Start Loading Part and Timing Information
---------------------------------------------------------------------------------
Loading part: xc7a100tfgg484-1
---------------------------------------------------------------------------------
Finished Loading Part and Timing Information : Time (s): cpu = 00:00:14 ; elapsed = 00:00:15 . Memory (MB): peak = 2184.754 ; gain = 589.332 ; free physical = 5100 ; free virtual = 11468
Synthesis current peak Physical Memory [PSS] (MB): peak = 1381.849; parent = 1177.265; children = 204.604
Synthesis current peak Virtual Memory [VSS] (MB): peak = 3151.141; parent = 2152.742; children = 998.398
---------------------------------------------------------------------------------
---------------------------------------------------------------------------------
Start Applying 'set_property' XDC Constraints
---------------------------------------------------------------------------------
---------------------------------------------------------------------------------
Finished applying 'set_property' XDC Constraints : Time (s): cpu = 00:00:14 ; elapsed = 00:00:15 . Memory (MB): peak = 2184.754 ; gain = 589.332 ; free physical = 5100 ; free virtual = 11468
Synthesis current peak Physical Memory [PSS] (MB): peak = 1381.849; parent = 1177.265; children = 204.604
Synthesis current peak Virtual Memory [VSS] (MB): peak = 3151.141; parent = 2152.742; children = 998.398
---------------------------------------------------------------------------------
---------------------------------------------------------------------------------
Finished RTL Optimization Phase 2 : Time (s): cpu = 00:00:14 ; elapsed = 00:00:15 . Memory (MB): peak = 2184.754 ; gain = 589.332 ; free physical = 5093 ; free virtual = 11462
Synthesis current peak Physical Memory [PSS] (MB): peak = 1381.849; parent = 1177.265; children = 204.604
Synthesis current peak Virtual Memory [VSS] (MB): peak = 3151.141; parent = 2152.742; children = 998.398
---------------------------------------------------------------------------------
---------------------------------------------------------------------------------
Start RTL Component Statistics 
---------------------------------------------------------------------------------
Detailed RTL Component Info : 
+---Adders : 
	   2 Input   32 Bit       Adders := 4     
	   2 Input   31 Bit       Adders := 1     
+---Registers : 
	               32 Bit    Registers := 1     
	                1 Bit    Registers := 1     
+---Muxes : 
	   2 Input   32 Bit        Muxes := 2     
	   2 Input   31 Bit        Muxes := 1     
---------------------------------------------------------------------------------
Finished RTL Component Statistics 
---------------------------------------------------------------------------------
---------------------------------------------------------------------------------
Start Part Resource Summary
---------------------------------------------------------------------------------
Part Resources:
DSPs: 240 (col length:80)
BRAMs: 270 (col length: RAMB18 80 RAMB36 40)
---------------------------------------------------------------------------------
Finished Part Resource Summary
---------------------------------------------------------------------------------
---------------------------------------------------------------------------------
Start Cross Boundary and Area Optimization
---------------------------------------------------------------------------------
WARNING: [Synth 8-7080] Parallel synthesis criteria is not met
WARNING: [Synth 8-3330] design main has an empty top module
WARNING: [Synth 8-3917] design main has port OUTNUM[7] driven by constant 1
WARNING: [Synth 8-3917] design main has port OUTNUM[6] driven by constant 1
WARNING: [Synth 8-3917] design main has port OUTNUM[5] driven by constant 1
WARNING: [Synth 8-3917] design main has port OUTNUM[4] driven by constant 1
WARNING: [Synth 8-3917] design main has port OUTNUM[3] driven by constant 1
WARNING: [Synth 8-3917] design main has port OUTNUM[2] driven by constant 1
WARNING: [Synth 8-3917] design main has port OUTNUM[1] driven by constant 1
WARNING: [Synth 8-3917] design main has port OUTNUM[0] driven by constant 0
WARNING: [Synth 8-7129] Port SELNUM[7] in module main is either unconnected or has no load
WARNING: [Synth 8-7129] Port SELNUM[6] in module main is either unconnected or has no load
WARNING: [Synth 8-7129] Port SELNUM[5] in module main is either unconnected or has no load
WARNING: [Synth 8-7129] Port SELNUM[4] in module main is either unconnected or has no load
WARNING: [Synth 8-7129] Port SELNUM[3] in module main is either unconnected or has no load
WARNING: [Synth 8-7129] Port SELNUM[2] in module main is either unconnected or has no load
WARNING: [Synth 8-7129] Port SELNUM[1] in module main is either unconnected or has no load
WARNING: [Synth 8-7129] Port SELNUM[0] in module main is either unconnected or has no load
WARNING: [Synth 8-7129] Port CLK in module main is either unconnected or has no load
WARNING: [Synth 8-7129] Port RST in module main is either unconnected or has no load
---------------------------------------------------------------------------------
Finished Cross Boundary and Area Optimization : Time (s): cpu = 00:00:15 ; elapsed = 00:00:16 . Memory (MB): peak = 2184.754 ; gain = 589.332 ; free physical = 5086 ; free virtual = 11459
Synthesis current peak Physical Memory [PSS] (MB): peak = 1381.849; parent = 1177.265; children = 204.604
Synthesis current peak Virtual Memory [VSS] (MB): peak = 3151.141; parent = 2152.742; children = 998.398
---------------------------------------------------------------------------------
---------------------------------------------------------------------------------
Start Applying XDC Timing Constraints
---------------------------------------------------------------------------------
---------------------------------------------------------------------------------
Finished Applying XDC Timing Constraints : Time (s): cpu = 00:00:21 ; elapsed = 00:00:22 . Memory (MB): peak = 2184.754 ; gain = 589.332 ; free physical = 4970 ; free virtual = 11342
Synthesis current peak Physical Memory [PSS] (MB): peak = 1460.665; parent = 1256.112; children = 204.604
Synthesis current peak Virtual Memory [VSS] (MB): peak = 3151.141; parent = 2152.742; children = 998.398
---------------------------------------------------------------------------------
---------------------------------------------------------------------------------
Start Timing Optimization
---------------------------------------------------------------------------------
---------------------------------------------------------------------------------
Finished Timing Optimization : Time (s): cpu = 00:00:21 ; elapsed = 00:00:22 . Memory (MB): peak = 2184.754 ; gain = 589.332 ; free physical = 4970 ; free virtual = 11342
Synthesis current peak Physical Memory [PSS] (MB): peak = 1460.794; parent = 1256.241; children = 204.604
Synthesis current peak Virtual Memory [VSS] (MB): peak = 3151.141; parent = 2152.742; children = 998.398
---------------------------------------------------------------------------------
---------------------------------------------------------------------------------
Start Technology Mapping
---------------------------------------------------------------------------------
---------------------------------------------------------------------------------
Finished Technology Mapping : Time (s): cpu = 00:00:21 ; elapsed = 00:00:22 . Memory (MB): peak = 2184.754 ; gain = 589.332 ; free physical = 4961 ; free virtual = 11334
Synthesis current peak Physical Memory [PSS] (MB): peak = 1461.001; parent = 1256.448; children = 204.604
Synthesis current peak Virtual Memory [VSS] (MB): peak = 3151.141; parent = 2152.742; children = 998.398
---------------------------------------------------------------------------------
---------------------------------------------------------------------------------
Start IO Insertion
---------------------------------------------------------------------------------
---------------------------------------------------------------------------------
Start Flattening Before IO Insertion
---------------------------------------------------------------------------------
---------------------------------------------------------------------------------
Finished Flattening Before IO Insertion
---------------------------------------------------------------------------------
---------------------------------------------------------------------------------
Start Final Netlist Cleanup
---------------------------------------------------------------------------------
---------------------------------------------------------------------------------
Finished Final Netlist Cleanup
---------------------------------------------------------------------------------
---------------------------------------------------------------------------------
Finished IO Insertion : Time (s): cpu = 00:00:26 ; elapsed = 00:00:27 . Memory (MB): peak = 2184.754 ; gain = 589.332 ; free physical = 4958 ; free virtual = 11330
Synthesis current peak Physical Memory [PSS] (MB): peak = 1461.149; parent = 1256.597; children = 204.604
Synthesis current peak Virtual Memory [VSS] (MB): peak = 3151.141; parent = 2152.742; children = 998.398
---------------------------------------------------------------------------------
---------------------------------------------------------------------------------
Start Renaming Generated Instances
---------------------------------------------------------------------------------
---------------------------------------------------------------------------------
Finished Renaming Generated Instances : Time (s): cpu = 00:00:26 ; elapsed = 00:00:27 . Memory (MB): peak = 2184.754 ; gain = 589.332 ; free physical = 4958 ; free virtual = 11330
Synthesis current peak Physical Memory [PSS] (MB): peak = 1461.165; parent = 1256.612; children = 204.604
Synthesis current peak Virtual Memory [VSS] (MB): peak = 3151.141; parent = 2152.742; children = 998.398
---------------------------------------------------------------------------------
---------------------------------------------------------------------------------
Start Rebuilding User Hierarchy
---------------------------------------------------------------------------------
---------------------------------------------------------------------------------
Finished Rebuilding User Hierarchy : Time (s): cpu = 00:00:26 ; elapsed = 00:00:27 . Memory (MB): peak = 2184.754 ; gain = 589.332 ; free physical = 4958 ; free virtual = 11330
Synthesis current peak Physical Memory [PSS] (MB): peak = 1461.165; parent = 1256.612; children = 204.604
Synthesis current peak Virtual Memory [VSS] (MB): peak = 3151.141; parent = 2152.742; children = 998.398
---------------------------------------------------------------------------------
---------------------------------------------------------------------------------
Start Renaming Generated Ports
---------------------------------------------------------------------------------
---------------------------------------------------------------------------------
Finished Renaming Generated Ports : Time (s): cpu = 00:00:26 ; elapsed = 00:00:27 . Memory (MB): peak = 2184.754 ; gain = 589.332 ; free physical = 4958 ; free virtual = 11330
Synthesis current peak Physical Memory [PSS] (MB): peak = 1461.243; parent = 1256.690; children = 204.604
Synthesis current peak Virtual Memory [VSS] (MB): peak = 3151.141; parent = 2152.742; children = 998.398
---------------------------------------------------------------------------------
---------------------------------------------------------------------------------
Start Handling Custom Attributes
---------------------------------------------------------------------------------
---------------------------------------------------------------------------------
Finished Handling Custom Attributes : Time (s): cpu = 00:00:26 ; elapsed = 00:00:27 . Memory (MB): peak = 2184.754 ; gain = 589.332 ; free physical = 4958 ; free virtual = 11330
Synthesis current peak Physical Memory [PSS] (MB): peak = 1461.243; parent = 1256.690; children = 204.604
Synthesis current peak Virtual Memory [VSS] (MB): peak = 3151.141; parent = 2152.742; children = 998.398
---------------------------------------------------------------------------------
---------------------------------------------------------------------------------
Start Renaming Generated Nets
---------------------------------------------------------------------------------
---------------------------------------------------------------------------------
Finished Renaming Generated Nets : Time (s): cpu = 00:00:26 ; elapsed = 00:00:27 . Memory (MB): peak = 2184.754 ; gain = 589.332 ; free physical = 4958 ; free virtual = 11330
Synthesis current peak Physical Memory [PSS] (MB): peak = 1461.259; parent = 1256.706; children = 204.604
Synthesis current peak Virtual Memory [VSS] (MB): peak = 3151.141; parent = 2152.742; children = 998.398
---------------------------------------------------------------------------------
---------------------------------------------------------------------------------
Start Writing Synthesis Report
---------------------------------------------------------------------------------

Report BlackBoxes: 
+-+--------------+----------+
| |BlackBox name |Instances |
+-+--------------+----------+
+-+--------------+----------+

Report Cell Usage: 
+------+------+------+
|      |Cell  |Count |
+------+------+------+
|1     |OBUF  |     8|
|2     |OBUFT |     8|
+------+------+------+
---------------------------------------------------------------------------------
Finished Writing Synthesis Report : Time (s): cpu = 00:00:26 ; elapsed = 00:00:28 . Memory (MB): peak = 2184.754 ; gain = 589.332 ; free physical = 4958 ; free virtual = 11330
Synthesis current peak Physical Memory [PSS] (MB): peak = 1461.290; parent = 1256.737; children = 204.604
Synthesis current peak Virtual Memory [VSS] (MB): peak = 3151.141; parent = 2152.742; children = 998.398
---------------------------------------------------------------------------------
Synthesis finished with 0 errors, 0 critical warnings and 20 warnings.
Synthesis Optimization Runtime : Time (s): cpu = 00:00:25 ; elapsed = 00:00:26 . Memory (MB): peak = 2184.754 ; gain = 454.582 ; free physical = 5013 ; free virtual = 11385
Synthesis Optimization Complete : Time (s): cpu = 00:00:26 ; elapsed = 00:00:28 . Memory (MB): peak = 2184.754 ; gain = 589.332 ; free physical = 5013 ; free virtual = 11385
INFO: [Project 1-571] Translating synthesized netlist
Netlist sorting complete. Time (s): cpu = 00:00:00 ; elapsed = 00:00:00 . Memory (MB): peak = 2184.754 ; gain = 0.000 ; free physical = 5004 ; free virtual = 11377
INFO: [Project 1-570] Preparing netlist for logic optimization
INFO: [Opt 31-138] Pushed 0 inverter(s) to 0 load pin(s).
Netlist sorting complete. Time (s): cpu = 00:00:00 ; elapsed = 00:00:00 . Memory (MB): peak = 2184.754 ; gain = 0.000 ; free physical = 5062 ; free virtual = 11435
INFO: [Project 1-111] Unisim Transformation Summary:
No Unisim elements were transformed.

Synth Design complete, checksum: 51542246
INFO: [Common 17-83] Releasing license: Synthesis
32 Infos, 70 Warnings, 8 Critical Warnings and 0 Errors encountered.
synth_design completed successfully
synth_design: Time (s): cpu = 00:00:35 ; elapsed = 00:00:32 . Memory (MB): peak = 2184.754 ; gain = 853.652 ; free physical = 5269 ; free virtual = 11641
INFO: [runtcl-6] Synthesis results are not added to the cache due to CRITICAL_WARNING
INFO: [Common 17-1381] The checkpoint '/home/kjy/Documents/vivado_projects/pill_loading/pill_loading.runs/synth_1/main.dcp' has been generated.
INFO: [runtcl-4] Executing : report_utilization -file main_utilization_synth.rpt -pb main_utilization_synth.pb
INFO: [Common 17-206] Exiting Vivado at Sun Apr  2 22:32:49 2023...
